Detecting C compiler ABI info failed to compile with the following output:
Change Dir: /cygdrive/e/git/cpp/cpp_cmake/Demo2/build/CMakeFiles/CMakeTmp

Run Build Command(s):/cygdrive/c/Strawberry/c/bin/gmake.exe cmTC_73d66/fast 
C:/Strawberry/c/bin/gmake -f CMakeFiles/cmTC_73d66.dir/build.make CMakeFiles/cmTC_73d66.dir/build
gmake[1]: Entering directory 'E:/git/cpp/cpp_cmake/Demo2/build/CMakeFiles/CMakeTmp'
gmake[1]: *** No rule to make target '/usr/share/cmake-3.14.5/Modules/CMakeCCompilerABI.c', needed by 'CMakeFiles/cmTC_73d66.dir/CMakeCCompilerABI.c.o'.  Stop.
gmake[1]: Leaving directory 'E:/git/cpp/cpp_cmake/Demo2/build/CMakeFiles/CMakeTmp'
makefile:121: recipe for target 'cmTC_73d66/fast' failed
gmake: *** [cmTC_73d66/fast] Error 2



Detecting C [-std=c11] compiler features failed to compile with the following output:
Change Dir: /cygdrive/e/git/cpp/cpp_cmake/Demo2/build/CMakeFiles/CMakeTmp

Run Build Command(s):/cygdrive/c/Strawberry/c/bin/gmake.exe cmTC_37406/fast 
C:/Strawberry/c/bin/gmake -f CMakeFiles/cmTC_37406.dir/build.make CMakeFiles/cmTC_37406.dir/build
gmake[1]: Entering directory 'E:/git/cpp/cpp_cmake/Demo2/build/CMakeFiles/CMakeTmp'
gmake[1]: *** No rule to make target '/cygdrive/e/git/cpp/cpp_cmake/Demo2/build/CMakeFiles/feature_tests.c', needed by 'CMakeFiles/cmTC_37406.dir/feature_tests.c.o'.  Stop.
gmake[1]: Leaving directory 'E:/git/cpp/cpp_cmake/Demo2/build/CMakeFiles/CMakeTmp'
makefile:121: recipe for target 'cmTC_37406/fast' failed
gmake: *** [cmTC_37406/fast] Error 2



Detecting CXX compiler ABI info failed to compile with the following output:
Change Dir: /cygdrive/e/git/cpp/cpp_cmake/Demo2/build/CMakeFiles/CMakeTmp

Run Build Command(s):/cygdrive/c/Strawberry/c/bin/gmake.exe cmTC_ad915/fast 
C:/Strawberry/c/bin/gmake -f CMakeFiles/cmTC_ad915.dir/build.make CMakeFiles/cmTC_ad915.dir/build
gmake[1]: Entering directory 'E:/git/cpp/cpp_cmake/Demo2/build/CMakeFiles/CMakeTmp'
gmake[1]: *** No rule to make target '/usr/share/cmake-3.14.5/Modules/CMakeCXXCompilerABI.cpp', needed by 'CMakeFiles/cmTC_ad915.dir/CMakeCXXCompilerABI.cpp.o'.  Stop.
gmake[1]: Leaving directory 'E:/git/cpp/cpp_cmake/Demo2/build/CMakeFiles/CMakeTmp'
makefile:121: recipe for target 'cmTC_ad915/fast' failed
gmake: *** [cmTC_ad915/fast] Error 2



Detecting CXX [-std=c++2a] compiler features failed to compile with the following output:
Change Dir: /cygdrive/e/git/cpp/cpp_cmake/Demo2/build/CMakeFiles/CMakeTmp

Run Build Command(s):/cygdrive/c/Strawberry/c/bin/gmake.exe cmTC_803bd/fast 
C:/Strawberry/c/bin/gmake -f CMakeFiles/cmTC_803bd.dir/build.make CMakeFiles/cmTC_803bd.dir/build
gmake[1]: Entering directory 'E:/git/cpp/cpp_cmake/Demo2/build/CMakeFiles/CMakeTmp'
gmake[1]: *** No rule to make target '/cygdrive/e/git/cpp/cpp_cmake/Demo2/build/CMakeFiles/feature_tests.cxx', needed by 'CMakeFiles/cmTC_803bd.dir/feature_tests.cxx.o'.  Stop.
gmake[1]: Leaving directory 'E:/git/cpp/cpp_cmake/Demo2/build/CMakeFiles/CMakeTmp'
makefile:121: recipe for target 'cmTC_803bd/fast' failed
gmake: *** [cmTC_803bd/fast] Error 2



